<?xml version="1.0" encoding="UTF-8"?>
<!-- Generated by org.testng.reporters.JUnitReportReporter -->
<testsuite hostname="DESKTOP-PML81LI" failures="0" tests="1" name="test.com.CateringTest" time="42.152" errors="0" timestamp="21 Dec 2024 03:06:45 GMT">
  <testcase classname="test.com.CateringTest" name="testPaneraCateringTestCase" time="42.152"/>
</testsuite> <!-- test.com.CateringTest -->
